  glad.c
  main_14.cpp
c:\opengl\wjgogl\ogl_14_importmodel\main_14.cpp(81): warning C4244: “初始化”: 从“double”转换到“float”，可能丢失数据
c:\opengl\wjgogl\ogl_14_importmodel\main_14.cpp(87): warning C4305: “参数”: 从“double”到“GLfloat”截断
c:\opengl\wjgogl\ogl_14_importmodel\main_14.cpp(145): warning C4244: “=”: 从“double”转换到“float”，可能丢失数据
c:\opengl\wjgogl\ogl_14_importmodel\main_14.cpp(146): warning C4244: “=”: 从“double”转换到“float”，可能丢失数据
c:\opengl\wjgogl\ogl_14_importmodel\main_14.cpp(150): warning C4244: “初始化”: 从“double”转换到“float”，可能丢失数据
c:\opengl\wjgogl\ogl_14_importmodel\main_14.cpp(151): warning C4244: “初始化”: 从“double”转换到“float”，可能丢失数据
c:\opengl\wjgogl\ogl_14_importmodel\main_14.cpp(153): warning C4244: “=”: 从“double”转换到“float”，可能丢失数据
c:\opengl\wjgogl\ogl_14_importmodel\main_14.cpp(154): warning C4244: “=”: 从“double”转换到“float”，可能丢失数据
c:\opengl\wjgogl\ogl_14_importmodel\main_14.cpp(161): warning C4244: “参数”: 从“double”转换到“float”，可能丢失数据
  LINK : 没有找到 C:\OpenGL\WjgOGL\Debug\OGL_14_ImportModel.exe 或上一个增量链接没有生成它；正在执行完全链接
glfw3.lib(context.obj) : warning LNK4099: 未找到 PDB“glfw.pdb”(使用“glfw3.lib(context.obj)”或在“C:\OpenGL\WjgOGL\Debug\glfw.pdb”中寻找)；正在链接对象，如同没有调试信息一样
glfw3.lib(init.obj) : warning LNK4099: 未找到 PDB“glfw.pdb”(使用“glfw3.lib(init.obj)”或在“C:\OpenGL\WjgOGL\Debug\glfw.pdb”中寻找)；正在链接对象，如同没有调试信息一样
glfw3.lib(input.obj) : warning LNK4099: 未找到 PDB“glfw.pdb”(使用“glfw3.lib(input.obj)”或在“C:\OpenGL\WjgOGL\Debug\glfw.pdb”中寻找)；正在链接对象，如同没有调试信息一样
glfw3.lib(monitor.obj) : warning LNK4099: 未找到 PDB“glfw.pdb”(使用“glfw3.lib(monitor.obj)”或在“C:\OpenGL\WjgOGL\Debug\glfw.pdb”中寻找)；正在链接对象，如同没有调试信息一样
glfw3.lib(vulkan.obj) : warning LNK4099: 未找到 PDB“glfw.pdb”(使用“glfw3.lib(vulkan.obj)”或在“C:\OpenGL\WjgOGL\Debug\glfw.pdb”中寻找)；正在链接对象，如同没有调试信息一样
glfw3.lib(window.obj) : warning LNK4099: 未找到 PDB“glfw.pdb”(使用“glfw3.lib(window.obj)”或在“C:\OpenGL\WjgOGL\Debug\glfw.pdb”中寻找)；正在链接对象，如同没有调试信息一样
glfw3.lib(win32_init.obj) : warning LNK4099: 未找到 PDB“glfw.pdb”(使用“glfw3.lib(win32_init.obj)”或在“C:\OpenGL\WjgOGL\Debug\glfw.pdb”中寻找)；正在链接对象，如同没有调试信息一样
glfw3.lib(win32_joystick.obj) : warning LNK4099: 未找到 PDB“glfw.pdb”(使用“glfw3.lib(win32_joystick.obj)”或在“C:\OpenGL\WjgOGL\Debug\glfw.pdb”中寻找)；正在链接对象，如同没有调试信息一样
glfw3.lib(win32_monitor.obj) : warning LNK4099: 未找到 PDB“glfw.pdb”(使用“glfw3.lib(win32_monitor.obj)”或在“C:\OpenGL\WjgOGL\Debug\glfw.pdb”中寻找)；正在链接对象，如同没有调试信息一样
glfw3.lib(win32_time.obj) : warning LNK4099: 未找到 PDB“glfw.pdb”(使用“glfw3.lib(win32_time.obj)”或在“C:\OpenGL\WjgOGL\Debug\glfw.pdb”中寻找)；正在链接对象，如同没有调试信息一样
glfw3.lib(win32_thread.obj) : warning LNK4099: 未找到 PDB“glfw.pdb”(使用“glfw3.lib(win32_thread.obj)”或在“C:\OpenGL\WjgOGL\Debug\glfw.pdb”中寻找)；正在链接对象，如同没有调试信息一样
glfw3.lib(win32_window.obj) : warning LNK4099: 未找到 PDB“glfw.pdb”(使用“glfw3.lib(win32_window.obj)”或在“C:\OpenGL\WjgOGL\Debug\glfw.pdb”中寻找)；正在链接对象，如同没有调试信息一样
glfw3.lib(wgl_context.obj) : warning LNK4099: 未找到 PDB“glfw.pdb”(使用“glfw3.lib(wgl_context.obj)”或在“C:\OpenGL\WjgOGL\Debug\glfw.pdb”中寻找)；正在链接对象，如同没有调试信息一样
glfw3.lib(egl_context.obj) : warning LNK4099: 未找到 PDB“glfw.pdb”(使用“glfw3.lib(egl_context.obj)”或在“C:\OpenGL\WjgOGL\Debug\glfw.pdb”中寻找)；正在链接对象，如同没有调试信息一样
glfw3.lib(osmesa_context.obj) : warning LNK4099: 未找到 PDB“glfw.pdb”(使用“glfw3.lib(osmesa_context.obj)”或在“C:\OpenGL\WjgOGL\Debug\glfw.pdb”中寻找)；正在链接对象，如同没有调试信息一样
  OGL_14_ImportModel.vcxproj -> C:\OpenGL\WjgOGL\Debug\OGL_14_ImportModel.exe
  OGL_14_ImportModel.vcxproj -> C:\OpenGL\WjgOGL\Debug\OGL_14_ImportModel.pdb (Partial PDB)
