  glad.c
  main_12_LCSL.cpp
c:\opengl\wjgogl\ogl_12_lightcast_spotlight\main_12_lcsl.cpp(180): warning C4244: “初始化”: 从“double”转换到“float”，可能丢失数据
c:\opengl\wjgogl\ogl_12_lightcast_spotlight\main_12_lcsl.cpp(186): warning C4305: “参数”: 从“double”到“GLfloat”截断
c:\opengl\wjgogl\ogl_12_lightcast_spotlight\main_12_lcsl.cpp(191): warning C4244: “=”: 从“double”转换到“float”，可能丢失数据
c:\opengl\wjgogl\ogl_12_lightcast_spotlight\main_12_lcsl.cpp(192): warning C4244: “=”: 从“double”转换到“float”，可能丢失数据
c:\opengl\wjgogl\ogl_12_lightcast_spotlight\main_12_lcsl.cpp(296): warning C4244: “=”: 从“double”转换到“float”，可能丢失数据
c:\opengl\wjgogl\ogl_12_lightcast_spotlight\main_12_lcsl.cpp(297): warning C4244: “=”: 从“double”转换到“float”，可能丢失数据
c:\opengl\wjgogl\ogl_12_lightcast_spotlight\main_12_lcsl.cpp(301): warning C4244: “初始化”: 从“double”转换到“float”，可能丢失数据
c:\opengl\wjgogl\ogl_12_lightcast_spotlight\main_12_lcsl.cpp(302): warning C4244: “初始化”: 从“double”转换到“float”，可能丢失数据
c:\opengl\wjgogl\ogl_12_lightcast_spotlight\main_12_lcsl.cpp(304): warning C4244: “=”: 从“double”转换到“float”，可能丢失数据
c:\opengl\wjgogl\ogl_12_lightcast_spotlight\main_12_lcsl.cpp(305): warning C4244: “=”: 从“double”转换到“float”，可能丢失数据
c:\opengl\wjgogl\ogl_12_lightcast_spotlight\main_12_lcsl.cpp(312): warning C4244: “参数”: 从“double”转换到“float”，可能丢失数据
glfw3.lib(context.obj) : warning LNK4099: 未找到 PDB“glfw.pdb”(使用“glfw3.lib(context.obj)”或在“C:\OpenGL\WjgOGL\Debug\glfw.pdb”中寻找)；正在链接对象，如同没有调试信息一样
glfw3.lib(init.obj) : warning LNK4099: 未找到 PDB“glfw.pdb”(使用“glfw3.lib(init.obj)”或在“C:\OpenGL\WjgOGL\Debug\glfw.pdb”中寻找)；正在链接对象，如同没有调试信息一样
glfw3.lib(input.obj) : warning LNK4099: 未找到 PDB“glfw.pdb”(使用“glfw3.lib(input.obj)”或在“C:\OpenGL\WjgOGL\Debug\glfw.pdb”中寻找)；正在链接对象，如同没有调试信息一样
glfw3.lib(monitor.obj) : warning LNK4099: 未找到 PDB“glfw.pdb”(使用“glfw3.lib(monitor.obj)”或在“C:\OpenGL\WjgOGL\Debug\glfw.pdb”中寻找)；正在链接对象，如同没有调试信息一样
glfw3.lib(vulkan.obj) : warning LNK4099: 未找到 PDB“glfw.pdb”(使用“glfw3.lib(vulkan.obj)”或在“C:\OpenGL\WjgOGL\Debug\glfw.pdb”中寻找)；正在链接对象，如同没有调试信息一样
glfw3.lib(window.obj) : warning LNK4099: 未找到 PDB“glfw.pdb”(使用“glfw3.lib(window.obj)”或在“C:\OpenGL\WjgOGL\Debug\glfw.pdb”中寻找)；正在链接对象，如同没有调试信息一样
glfw3.lib(win32_init.obj) : warning LNK4099: 未找到 PDB“glfw.pdb”(使用“glfw3.lib(win32_init.obj)”或在“C:\OpenGL\WjgOGL\Debug\glfw.pdb”中寻找)；正在链接对象，如同没有调试信息一样
glfw3.lib(win32_joystick.obj) : warning LNK4099: 未找到 PDB“glfw.pdb”(使用“glfw3.lib(win32_joystick.obj)”或在“C:\OpenGL\WjgOGL\Debug\glfw.pdb”中寻找)；正在链接对象，如同没有调试信息一样
glfw3.lib(win32_monitor.obj) : warning LNK4099: 未找到 PDB“glfw.pdb”(使用“glfw3.lib(win32_monitor.obj)”或在“C:\OpenGL\WjgOGL\Debug\glfw.pdb”中寻找)；正在链接对象，如同没有调试信息一样
glfw3.lib(win32_time.obj) : warning LNK4099: 未找到 PDB“glfw.pdb”(使用“glfw3.lib(win32_time.obj)”或在“C:\OpenGL\WjgOGL\Debug\glfw.pdb”中寻找)；正在链接对象，如同没有调试信息一样
glfw3.lib(win32_thread.obj) : warning LNK4099: 未找到 PDB“glfw.pdb”(使用“glfw3.lib(win32_thread.obj)”或在“C:\OpenGL\WjgOGL\Debug\glfw.pdb”中寻找)；正在链接对象，如同没有调试信息一样
glfw3.lib(win32_window.obj) : warning LNK4099: 未找到 PDB“glfw.pdb”(使用“glfw3.lib(win32_window.obj)”或在“C:\OpenGL\WjgOGL\Debug\glfw.pdb”中寻找)；正在链接对象，如同没有调试信息一样
glfw3.lib(wgl_context.obj) : warning LNK4099: 未找到 PDB“glfw.pdb”(使用“glfw3.lib(wgl_context.obj)”或在“C:\OpenGL\WjgOGL\Debug\glfw.pdb”中寻找)；正在链接对象，如同没有调试信息一样
glfw3.lib(egl_context.obj) : warning LNK4099: 未找到 PDB“glfw.pdb”(使用“glfw3.lib(egl_context.obj)”或在“C:\OpenGL\WjgOGL\Debug\glfw.pdb”中寻找)；正在链接对象，如同没有调试信息一样
glfw3.lib(osmesa_context.obj) : warning LNK4099: 未找到 PDB“glfw.pdb”(使用“glfw3.lib(osmesa_context.obj)”或在“C:\OpenGL\WjgOGL\Debug\glfw.pdb”中寻找)；正在链接对象，如同没有调试信息一样
  OGL_12_LightCast_SpotLight.vcxproj -> C:\OpenGL\WjgOGL\Debug\OGL_12_LightCast_SpotLight.exe
  OGL_12_LightCast_SpotLight.vcxproj -> C:\OpenGL\WjgOGL\Debug\OGL_12_LightCast_SpotLight.pdb (Partial PDB)
