c:\opengl\wjgogl\ogl_13_ multiplelight\debug\vc140.pdb
c:\opengl\wjgogl\ogl_13_ multiplelight\debug\vc140.idb
c:\opengl\wjgogl\ogl_13_ multiplelight\debug\glad.obj
c:\opengl\wjgogl\ogl_13_ multiplelight\debug\main_13.obj
d:\opengl\openglstudycode\wjgogl\ogl_13_ multiplelight\debug\vc140.pdb
d:\opengl\openglstudycode\wjgogl\ogl_13_ multiplelight\debug\vc140.idb
d:\opengl\openglstudycode\wjgogl\ogl_13_ multiplelight\debug\glad.obj
d:\opengl\openglstudycode\wjgogl\ogl_13_ multiplelight\debug\main_13.obj
c:\opengl\wjgogl\debug\ogl_13_ multiplelight.ilk
c:\opengl\wjgogl\debug\ogl_13_ multiplelight.exe
c:\opengl\wjgogl\debug\ogl_13_ multiplelight.pdb
d:\opengl\openglstudycode\wjgogl\debug\ogl_13_ multiplelight.ilk
d:\opengl\openglstudycode\wjgogl\debug\ogl_13_ multiplelight.exe
d:\opengl\openglstudycode\wjgogl\debug\ogl_13_ multiplelight.pdb
d:\opengl\openglstudycode\wjgogl\ogl_13_ multiplelight\debug\ogl_13_ .88242412.tlog\cl.command.1.tlog
d:\opengl\openglstudycode\wjgogl\ogl_13_ multiplelight\debug\ogl_13_ .88242412.tlog\cl.read.1.tlog
d:\opengl\openglstudycode\wjgogl\ogl_13_ multiplelight\debug\ogl_13_ .88242412.tlog\cl.write.1.tlog
d:\opengl\openglstudycode\wjgogl\ogl_13_ multiplelight\debug\ogl_13_ .88242412.tlog\link.command.1.tlog
d:\opengl\openglstudycode\wjgogl\ogl_13_ multiplelight\debug\ogl_13_ .88242412.tlog\link.read.1.tlog
d:\opengl\openglstudycode\wjgogl\ogl_13_ multiplelight\debug\ogl_13_ .88242412.tlog\link.write.1.tlog
