  glad.c
  main_12_LCDL.cpp
c:\opengl\wjgogl\ogl_12_lightcast_directionallight\main_12_lcdl.cpp(180): warning C4244: “初始化”: 从“double”转换到“float”，可能丢失数据
c:\opengl\wjgogl\ogl_12_lightcast_directionallight\main_12_lcdl.cpp(186): warning C4305: “参数”: 从“double”到“GLfloat”截断
c:\opengl\wjgogl\ogl_12_lightcast_directionallight\main_12_lcdl.cpp(191): warning C4244: “=”: 从“double”转换到“float”，可能丢失数据
c:\opengl\wjgogl\ogl_12_lightcast_directionallight\main_12_lcdl.cpp(192): warning C4244: “=”: 从“double”转换到“float”，可能丢失数据
c:\opengl\wjgogl\ogl_12_lightcast_directionallight\main_12_lcdl.cpp(294): warning C4244: “=”: 从“double”转换到“float”，可能丢失数据
c:\opengl\wjgogl\ogl_12_lightcast_directionallight\main_12_lcdl.cpp(295): warning C4244: “=”: 从“double”转换到“float”，可能丢失数据
c:\opengl\wjgogl\ogl_12_lightcast_directionallight\main_12_lcdl.cpp(299): warning C4244: “初始化”: 从“double”转换到“float”，可能丢失数据
c:\opengl\wjgogl\ogl_12_lightcast_directionallight\main_12_lcdl.cpp(300): warning C4244: “初始化”: 从“double”转换到“float”，可能丢失数据
c:\opengl\wjgogl\ogl_12_lightcast_directionallight\main_12_lcdl.cpp(302): warning C4244: “=”: 从“double”转换到“float”，可能丢失数据
c:\opengl\wjgogl\ogl_12_lightcast_directionallight\main_12_lcdl.cpp(303): warning C4244: “=”: 从“double”转换到“float”，可能丢失数据
c:\opengl\wjgogl\ogl_12_lightcast_directionallight\main_12_lcdl.cpp(310): warning C4244: “参数”: 从“double”转换到“float”，可能丢失数据
glfw3.lib(context.obj) : warning LNK4099: 未找到 PDB“glfw.pdb”(使用“glfw3.lib(context.obj)”或在“C:\OpenGL\WjgOGL\Debug\glfw.pdb”中寻找)；正在链接对象，如同没有调试信息一样
glfw3.lib(init.obj) : warning LNK4099: 未找到 PDB“glfw.pdb”(使用“glfw3.lib(init.obj)”或在“C:\OpenGL\WjgOGL\Debug\glfw.pdb”中寻找)；正在链接对象，如同没有调试信息一样
glfw3.lib(input.obj) : warning LNK4099: 未找到 PDB“glfw.pdb”(使用“glfw3.lib(input.obj)”或在“C:\OpenGL\WjgOGL\Debug\glfw.pdb”中寻找)；正在链接对象，如同没有调试信息一样
glfw3.lib(monitor.obj) : warning LNK4099: 未找到 PDB“glfw.pdb”(使用“glfw3.lib(monitor.obj)”或在“C:\OpenGL\WjgOGL\Debug\glfw.pdb”中寻找)；正在链接对象，如同没有调试信息一样
glfw3.lib(vulkan.obj) : warning LNK4099: 未找到 PDB“glfw.pdb”(使用“glfw3.lib(vulkan.obj)”或在“C:\OpenGL\WjgOGL\Debug\glfw.pdb”中寻找)；正在链接对象，如同没有调试信息一样
glfw3.lib(window.obj) : warning LNK4099: 未找到 PDB“glfw.pdb”(使用“glfw3.lib(window.obj)”或在“C:\OpenGL\WjgOGL\Debug\glfw.pdb”中寻找)；正在链接对象，如同没有调试信息一样
glfw3.lib(win32_init.obj) : warning LNK4099: 未找到 PDB“glfw.pdb”(使用“glfw3.lib(win32_init.obj)”或在“C:\OpenGL\WjgOGL\Debug\glfw.pdb”中寻找)；正在链接对象，如同没有调试信息一样
glfw3.lib(win32_joystick.obj) : warning LNK4099: 未找到 PDB“glfw.pdb”(使用“glfw3.lib(win32_joystick.obj)”或在“C:\OpenGL\WjgOGL\Debug\glfw.pdb”中寻找)；正在链接对象，如同没有调试信息一样
glfw3.lib(win32_monitor.obj) : warning LNK4099: 未找到 PDB“glfw.pdb”(使用“glfw3.lib(win32_monitor.obj)”或在“C:\OpenGL\WjgOGL\Debug\glfw.pdb”中寻找)；正在链接对象，如同没有调试信息一样
glfw3.lib(win32_time.obj) : warning LNK4099: 未找到 PDB“glfw.pdb”(使用“glfw3.lib(win32_time.obj)”或在“C:\OpenGL\WjgOGL\Debug\glfw.pdb”中寻找)；正在链接对象，如同没有调试信息一样
glfw3.lib(win32_thread.obj) : warning LNK4099: 未找到 PDB“glfw.pdb”(使用“glfw3.lib(win32_thread.obj)”或在“C:\OpenGL\WjgOGL\Debug\glfw.pdb”中寻找)；正在链接对象，如同没有调试信息一样
glfw3.lib(win32_window.obj) : warning LNK4099: 未找到 PDB“glfw.pdb”(使用“glfw3.lib(win32_window.obj)”或在“C:\OpenGL\WjgOGL\Debug\glfw.pdb”中寻找)；正在链接对象，如同没有调试信息一样
glfw3.lib(wgl_context.obj) : warning LNK4099: 未找到 PDB“glfw.pdb”(使用“glfw3.lib(wgl_context.obj)”或在“C:\OpenGL\WjgOGL\Debug\glfw.pdb”中寻找)；正在链接对象，如同没有调试信息一样
glfw3.lib(egl_context.obj) : warning LNK4099: 未找到 PDB“glfw.pdb”(使用“glfw3.lib(egl_context.obj)”或在“C:\OpenGL\WjgOGL\Debug\glfw.pdb”中寻找)；正在链接对象，如同没有调试信息一样
glfw3.lib(osmesa_context.obj) : warning LNK4099: 未找到 PDB“glfw.pdb”(使用“glfw3.lib(osmesa_context.obj)”或在“C:\OpenGL\WjgOGL\Debug\glfw.pdb”中寻找)；正在链接对象，如同没有调试信息一样
  OGL_12_LightCast_DirectionalLight.vcxproj -> C:\OpenGL\WjgOGL\Debug\OGL_12_LightCast_DirectionalLight.exe
  OGL_12_LightCast_DirectionalLight.vcxproj -> C:\OpenGL\WjgOGL\Debug\OGL_12_LightCast_DirectionalLight.pdb (Partial PDB)
