  glad.c
  main_19_FBCM.cpp
d:\opengl\openglstudycode\wjgogl\ogl_19_framebufferconvolutionmatrix\main_19_fbcm.cpp(246): warning C4244: “初始化”: 从“double”转换到“float”，可能丢失数据
d:\opengl\openglstudycode\wjgogl\ogl_19_framebufferconvolutionmatrix\main_19_fbcm.cpp(256): warning C4305: “参数”: 从“double”到“GLfloat”截断
d:\opengl\openglstudycode\wjgogl\ogl_19_framebufferconvolutionmatrix\main_19_fbcm.cpp(360): warning C4244: “=”: 从“double”转换到“float”，可能丢失数据
d:\opengl\openglstudycode\wjgogl\ogl_19_framebufferconvolutionmatrix\main_19_fbcm.cpp(361): warning C4244: “=”: 从“double”转换到“float”，可能丢失数据
d:\opengl\openglstudycode\wjgogl\ogl_19_framebufferconvolutionmatrix\main_19_fbcm.cpp(365): warning C4244: “初始化”: 从“double”转换到“float”，可能丢失数据
d:\opengl\openglstudycode\wjgogl\ogl_19_framebufferconvolutionmatrix\main_19_fbcm.cpp(366): warning C4244: “初始化”: 从“double”转换到“float”，可能丢失数据
d:\opengl\openglstudycode\wjgogl\ogl_19_framebufferconvolutionmatrix\main_19_fbcm.cpp(368): warning C4244: “=”: 从“double”转换到“float”，可能丢失数据
d:\opengl\openglstudycode\wjgogl\ogl_19_framebufferconvolutionmatrix\main_19_fbcm.cpp(369): warning C4244: “=”: 从“double”转换到“float”，可能丢失数据
d:\opengl\openglstudycode\wjgogl\ogl_19_framebufferconvolutionmatrix\main_19_fbcm.cpp(376): warning C4244: “参数”: 从“double”转换到“float”，可能丢失数据
glfw3.lib(context.obj) : warning LNK4099: 未找到 PDB“glfw.pdb”(使用“glfw3.lib(context.obj)”或在“D:\OpenGL\OpenGLStudyCode\WjgOGL\Debug\glfw.pdb”中寻找)；正在链接对象，如同没有调试信息一样
glfw3.lib(init.obj) : warning LNK4099: 未找到 PDB“glfw.pdb”(使用“glfw3.lib(init.obj)”或在“D:\OpenGL\OpenGLStudyCode\WjgOGL\Debug\glfw.pdb”中寻找)；正在链接对象，如同没有调试信息一样
glfw3.lib(input.obj) : warning LNK4099: 未找到 PDB“glfw.pdb”(使用“glfw3.lib(input.obj)”或在“D:\OpenGL\OpenGLStudyCode\WjgOGL\Debug\glfw.pdb”中寻找)；正在链接对象，如同没有调试信息一样
glfw3.lib(monitor.obj) : warning LNK4099: 未找到 PDB“glfw.pdb”(使用“glfw3.lib(monitor.obj)”或在“D:\OpenGL\OpenGLStudyCode\WjgOGL\Debug\glfw.pdb”中寻找)；正在链接对象，如同没有调试信息一样
glfw3.lib(vulkan.obj) : warning LNK4099: 未找到 PDB“glfw.pdb”(使用“glfw3.lib(vulkan.obj)”或在“D:\OpenGL\OpenGLStudyCode\WjgOGL\Debug\glfw.pdb”中寻找)；正在链接对象，如同没有调试信息一样
glfw3.lib(window.obj) : warning LNK4099: 未找到 PDB“glfw.pdb”(使用“glfw3.lib(window.obj)”或在“D:\OpenGL\OpenGLStudyCode\WjgOGL\Debug\glfw.pdb”中寻找)；正在链接对象，如同没有调试信息一样
glfw3.lib(win32_init.obj) : warning LNK4099: 未找到 PDB“glfw.pdb”(使用“glfw3.lib(win32_init.obj)”或在“D:\OpenGL\OpenGLStudyCode\WjgOGL\Debug\glfw.pdb”中寻找)；正在链接对象，如同没有调试信息一样
glfw3.lib(win32_joystick.obj) : warning LNK4099: 未找到 PDB“glfw.pdb”(使用“glfw3.lib(win32_joystick.obj)”或在“D:\OpenGL\OpenGLStudyCode\WjgOGL\Debug\glfw.pdb”中寻找)；正在链接对象，如同没有调试信息一样
glfw3.lib(win32_monitor.obj) : warning LNK4099: 未找到 PDB“glfw.pdb”(使用“glfw3.lib(win32_monitor.obj)”或在“D:\OpenGL\OpenGLStudyCode\WjgOGL\Debug\glfw.pdb”中寻找)；正在链接对象，如同没有调试信息一样
glfw3.lib(win32_time.obj) : warning LNK4099: 未找到 PDB“glfw.pdb”(使用“glfw3.lib(win32_time.obj)”或在“D:\OpenGL\OpenGLStudyCode\WjgOGL\Debug\glfw.pdb”中寻找)；正在链接对象，如同没有调试信息一样
glfw3.lib(win32_thread.obj) : warning LNK4099: 未找到 PDB“glfw.pdb”(使用“glfw3.lib(win32_thread.obj)”或在“D:\OpenGL\OpenGLStudyCode\WjgOGL\Debug\glfw.pdb”中寻找)；正在链接对象，如同没有调试信息一样
glfw3.lib(win32_window.obj) : warning LNK4099: 未找到 PDB“glfw.pdb”(使用“glfw3.lib(win32_window.obj)”或在“D:\OpenGL\OpenGLStudyCode\WjgOGL\Debug\glfw.pdb”中寻找)；正在链接对象，如同没有调试信息一样
glfw3.lib(wgl_context.obj) : warning LNK4099: 未找到 PDB“glfw.pdb”(使用“glfw3.lib(wgl_context.obj)”或在“D:\OpenGL\OpenGLStudyCode\WjgOGL\Debug\glfw.pdb”中寻找)；正在链接对象，如同没有调试信息一样
glfw3.lib(egl_context.obj) : warning LNK4099: 未找到 PDB“glfw.pdb”(使用“glfw3.lib(egl_context.obj)”或在“D:\OpenGL\OpenGLStudyCode\WjgOGL\Debug\glfw.pdb”中寻找)；正在链接对象，如同没有调试信息一样
glfw3.lib(osmesa_context.obj) : warning LNK4099: 未找到 PDB“glfw.pdb”(使用“glfw3.lib(osmesa_context.obj)”或在“D:\OpenGL\OpenGLStudyCode\WjgOGL\Debug\glfw.pdb”中寻找)；正在链接对象，如同没有调试信息一样
  OGL_19_FrameBufferConvolutionMatrix.vcxproj -> D:\OpenGL\OpenGLStudyCode\WjgOGL\Debug\OGL_19_FrameBufferConvolutionMatrix.exe
  OGL_19_FrameBufferConvolutionMatrix.vcxproj -> D:\OpenGL\OpenGLStudyCode\WjgOGL\Debug\OGL_19_FrameBufferConvolutionMatrix.pdb (Partial PDB)
