c:\opengl\wjgogl\ogl_04_texture_twotexunit\debug\vc140.pdb
c:\opengl\wjgogl\ogl_04_texture_twotexunit\debug\vc140.idb
c:\opengl\wjgogl\ogl_04_texture_twotexunit\debug\glad.obj
c:\opengl\wjgogl\ogl_04_texture_twotexunit\debug\main_04_tttu.obj
c:\opengl\wjgogl\debug\ogl_04_texture_twotexunit.ilk
c:\opengl\wjgogl\debug\ogl_04_texture_twotexunit.exe
c:\opengl\wjgogl\debug\ogl_04_texture_twotexunit.pdb
d:\opengl\openglstudycode\wjgogl\ogl_04_texture_twotexunit\debug\glad.obj
d:\opengl\openglstudycode\wjgogl\ogl_04_texture_twotexunit\debug\main_04_tttu.obj
d:\opengl\openglstudycode\wjgogl\ogl_04_texture_twotexunit\debug\vc140.idb
d:\opengl\openglstudycode\wjgogl\ogl_04_texture_twotexunit\debug\vc140.pdb
d:\opengl\openglstudycode\wjgogl\debug\ogl_04_texture_twotexunit.pdb
d:\opengl\openglstudycode\wjgogl\debug\ogl_04_texture_twotexunit.exe
d:\opengl\openglstudycode\wjgogl\debug\ogl_04_texture_twotexunit.ilk
d:\opengl\openglstudycode\wjgogl\ogl_04_texture_twotexunit\debug\ogl_04_t.39471afa.tlog\cl.command.1.tlog
d:\opengl\openglstudycode\wjgogl\ogl_04_texture_twotexunit\debug\ogl_04_t.39471afa.tlog\cl.read.1.tlog
d:\opengl\openglstudycode\wjgogl\ogl_04_texture_twotexunit\debug\ogl_04_t.39471afa.tlog\cl.write.1.tlog
d:\opengl\openglstudycode\wjgogl\ogl_04_texture_twotexunit\debug\ogl_04_t.39471afa.tlog\link.command.1.tlog
d:\opengl\openglstudycode\wjgogl\ogl_04_texture_twotexunit\debug\ogl_04_t.39471afa.tlog\link.read.1.tlog
d:\opengl\openglstudycode\wjgogl\ogl_04_texture_twotexunit\debug\ogl_04_t.39471afa.tlog\link.write.1.tlog
