  glad.c
  main_08.cpp
d:\opengl\openglstudycode\wjgogl\ogl_08_color\main_08.cpp(162): warning C4244: “初始化”: 从“double”转换到“float”，可能丢失数据
d:\opengl\openglstudycode\wjgogl\ogl_08_color\main_08.cpp(168): warning C4305: “参数”: 从“double”到“GLfloat”截断
d:\opengl\openglstudycode\wjgogl\ogl_08_color\main_08.cpp(243): warning C4244: “=”: 从“double”转换到“float”，可能丢失数据
d:\opengl\openglstudycode\wjgogl\ogl_08_color\main_08.cpp(244): warning C4244: “=”: 从“double”转换到“float”，可能丢失数据
d:\opengl\openglstudycode\wjgogl\ogl_08_color\main_08.cpp(248): warning C4244: “初始化”: 从“double”转换到“float”，可能丢失数据
d:\opengl\openglstudycode\wjgogl\ogl_08_color\main_08.cpp(249): warning C4244: “初始化”: 从“double”转换到“float”，可能丢失数据
d:\opengl\openglstudycode\wjgogl\ogl_08_color\main_08.cpp(251): warning C4244: “=”: 从“double”转换到“float”，可能丢失数据
d:\opengl\openglstudycode\wjgogl\ogl_08_color\main_08.cpp(252): warning C4244: “=”: 从“double”转换到“float”，可能丢失数据
d:\opengl\openglstudycode\wjgogl\ogl_08_color\main_08.cpp(259): warning C4244: “参数”: 从“double”转换到“float”，可能丢失数据
  LINK : 没有找到 D:\OpenGL\OpenGLStudyCode\WjgOGL\Debug\OGL_08_Color.exe 或上一个增量链接没有生成它；正在执行完全链接
glfw3.lib(context.obj) : warning LNK4099: 未找到 PDB“glfw.pdb”(使用“glfw3.lib(context.obj)”或在“D:\OpenGL\OpenGLStudyCode\WjgOGL\Debug\glfw.pdb”中寻找)；正在链接对象，如同没有调试信息一样
glfw3.lib(init.obj) : warning LNK4099: 未找到 PDB“glfw.pdb”(使用“glfw3.lib(init.obj)”或在“D:\OpenGL\OpenGLStudyCode\WjgOGL\Debug\glfw.pdb”中寻找)；正在链接对象，如同没有调试信息一样
glfw3.lib(input.obj) : warning LNK4099: 未找到 PDB“glfw.pdb”(使用“glfw3.lib(input.obj)”或在“D:\OpenGL\OpenGLStudyCode\WjgOGL\Debug\glfw.pdb”中寻找)；正在链接对象，如同没有调试信息一样
glfw3.lib(monitor.obj) : warning LNK4099: 未找到 PDB“glfw.pdb”(使用“glfw3.lib(monitor.obj)”或在“D:\OpenGL\OpenGLStudyCode\WjgOGL\Debug\glfw.pdb”中寻找)；正在链接对象，如同没有调试信息一样
glfw3.lib(vulkan.obj) : warning LNK4099: 未找到 PDB“glfw.pdb”(使用“glfw3.lib(vulkan.obj)”或在“D:\OpenGL\OpenGLStudyCode\WjgOGL\Debug\glfw.pdb”中寻找)；正在链接对象，如同没有调试信息一样
glfw3.lib(window.obj) : warning LNK4099: 未找到 PDB“glfw.pdb”(使用“glfw3.lib(window.obj)”或在“D:\OpenGL\OpenGLStudyCode\WjgOGL\Debug\glfw.pdb”中寻找)；正在链接对象，如同没有调试信息一样
glfw3.lib(win32_init.obj) : warning LNK4099: 未找到 PDB“glfw.pdb”(使用“glfw3.lib(win32_init.obj)”或在“D:\OpenGL\OpenGLStudyCode\WjgOGL\Debug\glfw.pdb”中寻找)；正在链接对象，如同没有调试信息一样
glfw3.lib(win32_joystick.obj) : warning LNK4099: 未找到 PDB“glfw.pdb”(使用“glfw3.lib(win32_joystick.obj)”或在“D:\OpenGL\OpenGLStudyCode\WjgOGL\Debug\glfw.pdb”中寻找)；正在链接对象，如同没有调试信息一样
glfw3.lib(win32_monitor.obj) : warning LNK4099: 未找到 PDB“glfw.pdb”(使用“glfw3.lib(win32_monitor.obj)”或在“D:\OpenGL\OpenGLStudyCode\WjgOGL\Debug\glfw.pdb”中寻找)；正在链接对象，如同没有调试信息一样
glfw3.lib(win32_time.obj) : warning LNK4099: 未找到 PDB“glfw.pdb”(使用“glfw3.lib(win32_time.obj)”或在“D:\OpenGL\OpenGLStudyCode\WjgOGL\Debug\glfw.pdb”中寻找)；正在链接对象，如同没有调试信息一样
glfw3.lib(win32_thread.obj) : warning LNK4099: 未找到 PDB“glfw.pdb”(使用“glfw3.lib(win32_thread.obj)”或在“D:\OpenGL\OpenGLStudyCode\WjgOGL\Debug\glfw.pdb”中寻找)；正在链接对象，如同没有调试信息一样
glfw3.lib(win32_window.obj) : warning LNK4099: 未找到 PDB“glfw.pdb”(使用“glfw3.lib(win32_window.obj)”或在“D:\OpenGL\OpenGLStudyCode\WjgOGL\Debug\glfw.pdb”中寻找)；正在链接对象，如同没有调试信息一样
glfw3.lib(wgl_context.obj) : warning LNK4099: 未找到 PDB“glfw.pdb”(使用“glfw3.lib(wgl_context.obj)”或在“D:\OpenGL\OpenGLStudyCode\WjgOGL\Debug\glfw.pdb”中寻找)；正在链接对象，如同没有调试信息一样
glfw3.lib(egl_context.obj) : warning LNK4099: 未找到 PDB“glfw.pdb”(使用“glfw3.lib(egl_context.obj)”或在“D:\OpenGL\OpenGLStudyCode\WjgOGL\Debug\glfw.pdb”中寻找)；正在链接对象，如同没有调试信息一样
glfw3.lib(osmesa_context.obj) : warning LNK4099: 未找到 PDB“glfw.pdb”(使用“glfw3.lib(osmesa_context.obj)”或在“D:\OpenGL\OpenGLStudyCode\WjgOGL\Debug\glfw.pdb”中寻找)；正在链接对象，如同没有调试信息一样
  OGL_08_Color.vcxproj -> D:\OpenGL\OpenGLStudyCode\WjgOGL\Debug\OGL_08_Color.exe
  OGL_08_Color.vcxproj -> D:\OpenGL\OpenGLStudyCode\WjgOGL\Debug\OGL_08_Color.pdb (Partial PDB)
